<?xml version="1.0" encoding="UTF-8"?>
<!-- Generated by org.testng.reporters.JUnitReportReporter -->
<testsuite hostname="DESKTOP-IBR7410" failures="0" tests="3" name="org.example.groups" time="0.007" errors="0" timestamp="2023-05-11T09:54:42 IST" skipped="0">
  <testcase classname="org.example.groups" name="testcase3" time="0.000"/>
  <system-out/>
  <testcase classname="org.example.groups" name="testcase2" time="0.001"/>
  <system-out/>
  <testcase classname="org.example.groups" name="testcase1" time="0.006"/>
  <system-out/>
</testsuite> <!-- org.example.groups -->
