<?xml version="1.0" encoding="UTF-8"?>
<!-- Generated by org.testng.reporters.JUnitReportReporter -->
<testsuite hostname="DESKTOP-IBR7410" failures="0" tests="3" name="org.example.OrangeLogin" time="110.381" errors="0" timestamp="2023-05-11T15:14:05 IST" skipped="0">
  <testcase classname="org.example.OrangeLogin" name="login" time="50.761"/>
  <system-out/>
  <testcase classname="org.example.OrangeLogin" name="login" time="25.198"/>
  <system-out/>
  <testcase classname="org.example.OrangeLogin" name="login" time="34.422"/>
  <system-out/>
</testsuite> <!-- org.example.OrangeLogin -->
